--2018-11-14 10:44:09--  http://www.en.ipea.gov.br/agencia/images/stories/PDFs/livros/livros/livro_bolsafamilia_vol2.pdf
Resolving www.en.ipea.gov.br (www.en.ipea.gov.br)... 177.15.131.137
Connecting to www.en.ipea.gov.br (www.en.ipea.gov.br)|177.15.131.137|:80... connected.
HTTP request sent, awaiting response... 200 OK
Length: 3923951 (3,7M) [application/pdf]
Saving to: ‘livro_bolsafamilia_vol2.pdf’

     0K .......... .......... .......... .......... ..........  1%  452K 8s
    50K .......... .......... .......... .......... ..........  2%  528K 8s
   100K .......... .......... .......... .......... ..........  3%  536K 7s
   150K .......... .......... .......... .......... ..........  5%  401K 8s
   200K .......... .......... .......... .......... ..........  6%  532K 7s
   250K .......... .......... .......... .......... ..........  7%  534K 7s
   300K .......... .......... .......... .......... ..........  9%  403K 7s
   350K .......... .......... .......... .......... .......... 10%  530K 7s
   400K .......... .......... .......... .......... .......... 11%  533K 7s
   450K .......... .......... .......... .......... .......... 13%  401K 7s
   500K .......... .......... .......... .......... .......... 14%  533K 7s
   550K .......... .......... .......... .......... .......... 15%  530K 7s
   600K .......... .......... .......... .......... .......... 16%  402K 7s
   650K .......... .......... .......... .......... .......... 18%  487K 7s
   700K .......... .......... .......... .......... .......... 19%  585K 6s
   750K .......... .......... .......... .......... .......... 20%  402K 6s
   800K .......... .......... .......... .......... .......... 22%  532K 6s
   850K .......... .......... .......... .......... .......... 23%  403K 6s
   900K .......... .......... .......... .......... .......... 24%  531K 6s
   950K .......... .......... .......... .......... .......... 26%  535K 6s
  1000K .......... .......... .......... .......... .......... 27%  525K 6s
  1050K .......... .......... .......... .......... .......... 28%  404K 6s
  1100K .......... .......... .......... .......... .......... 30%  534K 6s
  1150K .......... .......... .......... .......... .......... 31%  403K 6s
  1200K .......... .......... .......... .......... .......... 32%  530K 5s
  1250K .......... .......... .......... .......... .......... 33%  532K 5s
  1300K .......... .......... .......... .......... .......... 35%  402K 5s
  1350K .......... .......... .......... .......... .......... 36%  531K 5s
  1400K .......... .......... .......... .......... .......... 37%  533K 5s
  1450K .......... .......... .......... .......... .......... 39%  398K 5s
  1500K .......... .......... .......... .......... .......... 40%  536K 5s
  1550K .......... .......... .......... .......... .......... 41%  534K 5s
  1600K .......... .......... .......... .......... .......... 43%  401K 5s
  1650K .......... .......... .......... .......... .......... 44%  395K 4s
  1700K .......... .......... .......... .......... .......... 45%  814K 4s
  1750K .......... .......... .......... .......... .......... 46%  401K 4s
  1800K .......... .......... .......... .......... .......... 48%  533K 4s
  1850K .......... .......... .......... .......... .......... 49%  533K 4s
  1900K .......... .......... .......... .......... .......... 50%  399K 4s
  1950K .......... .......... .......... .......... .......... 52%  535K 4s
  2000K .......... .......... .......... .......... .......... 53%  526K 4s
  2050K .......... .......... .......... .......... .......... 54%  405K 4s
  2100K .......... .......... .......... .......... .......... 56%  536K 4s
  2150K .......... .......... .......... .......... .......... 57%  530K 3s
  2200K .......... .......... .......... .......... .......... 58%  401K 3s
  2250K .......... .......... .......... .......... .......... 60%  536K 3s
  2300K .......... .......... .......... .......... .......... 61%  529K 3s
  2350K .......... .......... .......... .......... .......... 62%  403K 3s
  2400K .......... .......... .......... .......... .......... 63%  535K 3s
  2450K .......... .......... .......... .......... .......... 65%  400K 3s
  2500K .......... .......... .......... .......... .......... 66%  530K 3s
  2550K .......... .......... .......... .......... .......... 67%  532K 3s
  2600K .......... .......... .......... .......... .......... 69%  402K 2s
  2650K .......... .......... .......... .......... .......... 70%  530K 2s
  2700K .......... .......... .......... .......... .......... 71%  503K 2s
  2750K .......... .......... .......... .......... .......... 73%  423K 2s
  2800K .......... .......... .......... .......... .......... 74%  529K 2s
  2850K .......... .......... .......... .......... .......... 75%  533K 2s
  2900K .......... .......... .......... .......... .......... 76%  404K 2s
  2950K .......... .......... .......... .......... .......... 78%  529K 2s
  3000K .......... .......... .......... .......... .......... 79%  534K 2s
  3050K .......... .......... .......... .......... .......... 80%  320K 2s
  3100K .......... .......... .......... .......... .......... 82%  403K 1s
  3150K .......... .......... .......... .......... .......... 83%  531K 1s
  3200K .......... .......... .......... .......... .......... 84%  506K 1s
  3250K .......... .......... .......... .......... .......... 86%  417K 1s
  3300K .......... .......... .......... .......... .......... 87%  533K 1s
  3350K .......... .......... .......... .......... .......... 88%  532K 1s
  3400K .......... .......... .......... .......... .......... 90%  403K 1s
  3450K .......... .......... .......... .......... .......... 91%  531K 1s
  3500K .......... .......... .......... .......... .......... 92%  535K 1s
  3550K .......... .......... .......... .......... .......... 93%  400K 0s
  3600K .......... .......... .......... .......... .......... 95%  532K 0s
  3650K .......... .......... .......... .......... .......... 96%  531K 0s
  3700K .......... .......... .......... .......... .......... 97%  403K 0s
  3750K .......... .......... .......... .......... .......... 99%  532K 0s
  3800K .......... .......... .......... .                    100%  498K=8,0s

2018-11-14 10:44:17 (476 KB/s) - ‘livro_bolsafamilia_vol2.pdf’ saved [3923951/3923951]

