--2018-11-17 19:27:51--  https://reader.elsevier.com/reader/sd/pii/S2452292917300577?token=BFFBA2944224B7CA2F25A3E2B0925D58A8F1FDC5D1ADE962780D19360F3B7DAE5A8689B2DF53F34C0ED072AC3548F2AC
Resolving reader.elsevier.com (reader.elsevier.com)... 54.192.57.135, 54.192.57.94, 54.192.57.240, ...
Connecting to reader.elsevier.com (reader.elsevier.com)|54.192.57.135|:443... connected.
HTTP request sent, awaiting response... 200 OK
Length: 754143 (736K) [text/html]
Saving to: ‘PoliticsOfDroughtUnderBolsaFamiliaProgramInNortheastBrazil.pdf’

     0K .......... .......... .......... .......... ..........  6% 1,55M 0s
    50K .......... .......... .......... .......... .......... 13%  313K 1s
   100K .......... .......... .......... .......... .......... 20%  403K 1s
   150K .......... .......... .......... .......... .......... 27%  796K 1s
   200K .......... .......... .......... .......... .......... 33%  544K 1s
   250K .......... .......... .......... .......... .......... 40%  534K 1s
   300K .......... .......... .......... .......... .......... 47%  402K 1s
   350K .......... .......... .......... .......... .......... 54%  534K 1s
   400K .......... .......... .......... .......... .......... 61%  534K 1s
   450K .......... .......... .......... .......... .......... 67%  399K 0s
   500K .......... .......... .......... .......... .......... 74%  536K 0s
   550K .......... .......... .......... .......... .......... 81%  400K 0s
   600K .......... .......... .......... .......... .......... 88%  481K 0s
   650K .......... .......... .......... .......... .......... 95%  602K 0s
   700K .......... .......... .......... ......               100% 95,1K=1,8s

2018-11-17 19:27:53 (412 KB/s) - ‘PoliticsOfDroughtUnderBolsaFamiliaProgramInNortheastBrazil.pdf’ saved [754143/754143]

