--2018-11-17 17:43:24--  http://www.sinteseeventos.com.br/bien/pt/papers/LMVVS2010BolsaFamiliaSocialandEconomicImpacts.pdf
Resolving www.sinteseeventos.com.br (www.sinteseeventos.com.br)... 187.45.240.15
Connecting to www.sinteseeventos.com.br (www.sinteseeventos.com.br)|187.45.240.15|:80... connected.
HTTP request sent, awaiting response... 200 OK
Length: 1421463 (1,4M) [application/pdf]
Saving to: ‘LMVVS2010BolsaFamiliaSocialandEconomicImpacts.pdf’

     0K .......... .......... .......... .......... ..........  3%  433K 3s
    50K .......... .......... .......... .......... ..........  7%  317K 4s
   100K .......... .......... .......... .......... .......... 10%  444K 3s
   150K .......... .......... .......... .......... .......... 14%  258K 3s
   200K .......... .......... .......... .......... .......... 18%  359K 3s
   250K .......... .......... .......... .......... .......... 21%  514K 3s
   300K .......... .......... .......... .......... .......... 25%  415K 3s
   350K .......... .......... .......... .......... .......... 28%  530K 3s
   400K .......... .......... .......... .......... .......... 32%  320K 2s
   450K .......... .......... .......... .......... .......... 36%  801K 2s
   500K .......... .......... .......... .......... .......... 39%  524K 2s
   550K .......... .......... .......... .......... .......... 43%  325K 2s
   600K .......... .......... .......... .......... .......... 46%  796K 2s
   650K .......... .......... .......... .......... .......... 50%  520K 2s
   700K .......... .......... .......... .......... .......... 54%  408K 2s
   750K .......... .......... .......... .......... .......... 57%  526K 1s
   800K .......... .......... .......... .......... .......... 61%  405K 1s
   850K .......... .......... .......... .......... .......... 64%  533K 1s
   900K .......... .......... .......... .......... .......... 68%  530K 1s
   950K .......... .......... .......... .......... .......... 72%  403K 1s
  1000K .......... .......... .......... .......... .......... 75%  533K 1s
  1050K .......... .......... .......... .......... .......... 79%  447K 1s
  1100K .......... .......... .......... .......... .......... 82%  472K 1s
  1150K .......... .......... .......... .......... .......... 86%  259K 0s
  1200K .......... .......... .......... .......... .......... 90%  555K 0s
  1250K .......... .......... .......... .......... .......... 93%  517K 0s
  1300K .......... .......... .......... .......... .......... 97%  411K 0s
  1350K .......... .......... .......... ........             100%  615K=3,2s

2018-11-17 17:43:28 (436 KB/s) - ‘LMVVS2010BolsaFamiliaSocialandEconomicImpacts.pdf’ saved [1421463/1421463]

